# JRE version: OpenJDK Runtime Environment (11.0.15) (build 11.0.15+0-b2043.56-9505619)
# Java VM: OpenJDK 64-Bit Server VM (11.0.15+0-b2043.56-9505619, mixed mode, tiered, compressed oops, g1 gc, windows-amd64)
Heap:
 garbage-first heap   total 310272K, used 247077K [0x0000000080000000, 0x0000000100000000)
  region size 1024K, 6 young (6144K), 4 survivors (4096K)
 Metaspace       used 151627K, capacity 156870K, committed 157096K, reserved 1185792K
  class space    used 19342K, capacity 21286K, committed 21348K, reserved 1048576K
GC Heap History (20 events):
Event: 1594.394 GC heap before
{Heap before GC invocations=64 (full 0):
 garbage-first heap   total 310272K, used 253360K [0x0000000080000000, 0x0000000100000000)
  region size 1024K, 16 young (16384K), 1 survivors (1024K)
 Metaspace       used 142090K, capacity 146824K, committed 147496K, reserved 1177600K
  class space    used 18180K, capacity 19914K, committed 20196K, reserved 1048576K
}
Event: 1594.398 GC heap after
{Heap after GC invocations=65 (full 0):
 garbage-first heap   total 310272K, used 239252K [0x0000000080000000, 0x0000000100000000)
  region size 1024K, 1 young (1024K), 1 survivors (1024K)
 Metaspace       used 142090K, capacity 146824K, committed 147496K, reserved 1177600K
  class space    used 18180K, capacity 19914K, committed 20196K, reserved 1048576K
}
Event: 1594.724 GC heap before
{Heap before GC invocations=65 (full 0):
 garbage-first heap   total 310272K, used 252564K [0x0000000080000000, 0x0000000100000000)
  region size 1024K, 15 young (15360K), 1 survivors (1024K)
 Metaspace       used 143467K, capacity 148177K, committed 148648K, reserved 1177600K
  class space    used 18350K, capacity 20066K, committed 20324K, reserved 1048576K
}
Event: 1594.733 GC heap after
{Heap after GC invocations=66 (full 0):
 garbage-first heap   total 310272K, used 226897K [0x0000000080000000, 0x0000000100000000)
  region size 1024K, 2 young (2048K), 2 survivors (2048K)
 Metaspace       used 143467K, capacity 148177K, committed 148648K, reserved 1177600K
  class space    used 18350K, capacity 20066K, committed 20324K, reserved 1048576K
}
Event: 1595.445 GC heap before
{Heap before GC invocations=66 (full 0):
 garbage-first heap   total 310272K, used 254545K [0x0000000080000000, 0x0000000100000000)
  region size 1024K, 28 young (28672K), 2 survivors (2048K)
 Metaspace       used 148145K, capacity 153004K, committed 153384K, reserved 1181696K
  class space    used 18939K, capacity 20738K, committed 20964K, reserved 1048576K
}
Event: 1595.453 GC heap after
{Heap after GC invocations=67 (full 0):
 garbage-first heap   total 310272K, used 232091K [0x0000000080000000, 0x0000000100000000)
  region size 1024K, 4 young (4096K), 4 survivors (4096K)
 Metaspace       used 148145K, capacity 153004K, committed 153384K, reserved 1181696K
  class space    used 18939K, capacity 20738K, committed 20964K, reserved 1048576K
}
Event: 1596.618 GC heap before
{Heap before GC invocations=67 (full 0):
 garbage-first heap   total 310272K, used 259739K [0x0000000080000000, 0x0000000100000000)
  region size 1024K, 29 young (29696K), 4 survivors (4096K)
 Metaspace       used 149845K, capacity 154702K, committed 155048K, reserved 1183744K
  class space    used 19148K, capacity 20960K, committed 21092K, reserved 1048576K
}
Event: 1596.626 GC heap after
{Heap after GC invocations=68 (full 0):
 garbage-first heap   total 310272K, used 234905K [0x0000000080000000, 0x0000000100000000)
  region size 1024K, 4 young (4096K), 4 survivors (4096K)
 Metaspace       used 149845K, capacity 154702K, committed 155048K, reserved 1183744K
  class space    used 19148K, capacity 20960K, committed 21092K, reserved 1048576K
}
Event: 1596.770 GC heap before
{Heap before GC invocations=68 (full 0):
 garbage-first heap   total 310272K, used 258457K [0x0000000080000000, 0x0000000100000000)
  region size 1024K, 28 young (28672K), 4 survivors (4096K)
 Metaspace       used 150238K, capacity 155143K, committed 155304K, reserved 1183744K
  class space    used 19193K, capacity 21040K, committed 21092K, reserved 1048576K
}
Event: 1596.791 GC heap after
{Heap after GC invocations=69 (full 0):
 garbage-first heap   total 310272K, used 241582K [0x0000000080000000, 0x0000000100000000)
  region size 1024K, 4 young (4096K), 4 survivors (4096K)
 Metaspace       used 150238K, capacity 155143K, committed 155304K, reserved 1183744K
  class space    used 19193K, capacity 21040K, committed 21092K, reserved 1048576K
}
Event: 1597.022 GC heap before
{Heap before GC invocations=69 (full 0):
 garbage-first heap   total 310272K, used 263086K [0x0000000080000000, 0x0000000100000000)
  region size 1024K, 25 young (25600K), 4 survivors (4096K)
 Metaspace       used 150769K, capacity 155788K, committed 155944K, reserved 1183744K
  class space    used 19273K, capacity 21171K, committed 21220K, reserved 1048576K
}
Event: 1597.033 GC heap after
{Heap after GC invocations=70 (full 0):
 garbage-first heap   total 310272K, used 244655K [0x0000000080000000, 0x0000000100000000)
  region size 1024K, 4 young (4096K), 4 survivors (4096K)
 Metaspace       used 150769K, capacity 155788K, committed 155944K, reserved 1183744K
  class space    used 19273K, capacity 21171K, committed 21220K, reserved 1048576K
}
Event: 1597.307 GC heap before
{Heap before GC invocations=71 (full 0):
 garbage-first heap   total 310272K, used 265135K [0x0000000080000000, 0x0000000100000000)
  region size 1024K, 25 young (25600K), 4 survivors (4096K)
 Metaspace       used 151211K, capacity 156322K, committed 156584K, reserved 1185792K
  class space    used 19329K, capacity 21263K, committed 21348K, reserved 1048576K
}
Event: 1597.312 GC heap after
{Heap after GC invocations=72 (full 0):
 garbage-first heap   total 310272K, used 245491K [0x0000000080000000, 0x0000000100000000)
  region size 1024K, 3 young (3072K), 3 survivors (3072K)
 Metaspace       used 151211K, capacity 156322K, committed 156584K, reserved 1185792K
  class space    used 19329K, capacity 21263K, committed 21348K, reserved 1048576K
}
Event: 1597.462 GC heap before
{Heap before GC invocations=72 (full 0):
 garbage-first heap   total 310272K, used 256755K [0x0000000080000000, 0x0000000100000000)
  region size 1024K, 15 young (15360K), 3 survivors (3072K)
 Metaspace       used 151270K, capacity 156345K, committed 156584K, reserved 1185792K
  class space    used 19331K, capacity 21266K, committed 21348K, reserved 1048576K
}
Event: 1597.472 GC heap after
{Heap after GC invocations=73 (full 0):
 garbage-first heap   total 310272K, used 239531K [0x0000000080000000, 0x0000000100000000)
  region size 1024K, 2 young (2048K), 2 survivors (2048K)
 Metaspace       used 151270K, capacity 156345K, committed 156584K, reserved 1185792K
  class space    used 19331K, capacity 21266K, committed 21348K, reserved 1048576K
}
Event: 1597.910 GC heap before
{Heap before GC invocations=73 (full 0):
 garbage-first heap   total 310272K, used 275371K [0x0000000080000000, 0x0000000100000000)
  region size 1024K, 25 young (25600K), 2 survivors (2048K)
 Metaspace       used 151394K, capacity 156493K, committed 156584K, reserved 1185792K
  class space    used 19331K, capacity 21267K, committed 21348K, reserved 1048576K
}
Event: 1597.916 GC heap after
{Heap after GC invocations=74 (full 0):
 garbage-first heap   total 310272K, used 240912K [0x0000000080000000, 0x0000000100000000)
  region size 1024K, 4 young (4096K), 4 survivors (4096K)
 Metaspace       used 151394K, capacity 156493K, committed 156584K, reserved 1185792K
  class space    used 19331K, capacity 21267K, committed 21348K, reserved 1048576K
}
Event: 1855.282 GC heap before
{Heap before GC invocations=74 (full 0):
 garbage-first heap   total 310272K, used 263440K [0x0000000080000000, 0x0000000100000000)
  region size 1024K, 27 young (27648K), 4 survivors (4096K)
 Metaspace       used 151464K, capacity 156598K, committed 156840K, reserved 1185792K
  class space    used 19336K, capacity 21275K, committed 21348K, reserved 1048576K
}
Event: 1855.290 GC heap after
{Heap after GC invocations=75 (full 0):
 garbage-first heap   total 310272K, used 242659K [0x0000000080000000, 0x0000000100000000)
  region size 1024K, 4 young (4096K), 4 survivors (4096K)
 Metaspace       used 151464K, capacity 156598K, committed 156840K, reserved 1185792K
  class space    used 19336K, capacity 21275K, committed 21348K, reserved 1048576K
}

